# JRE version: OpenJDK Runtime Environment GraalVM CE 22.3.0 (17.0.5+8) (build 17.0.5+8-jvmci-22.3-b08)
# Java VM: OpenJDK 64-Bit Server VM GraalVM CE 22.3.0 (17.0.5+8-jvmci-22.3-b08, mixed mode, sharing, tiered, jvmci, jvmci compiler, compressed oops, compressed class ptrs, parallel gc, linux-amd64)
GC Precious Log:
 CPUs: 8 total, 1 available
 Memory: 1024M
 Large Page Support: Disabled
 NUMA Support: Disabled
 Compressed Oops: Enabled (32-bit)
 Alignments: Space 512K, Generation 512K, Heap 2M
 Heap Min Capacity: 100M
 Heap Initial Capacity: 100M
 Heap Max Capacity: 512M
 Pre-touch: Disabled
 Parallel Workers: 1
Heap:
 PSYoungGen      total 33792K, used 26839K [0x00000000f5580000, 0x00000000fc080000, 0x0000000100000000)
  eden space 9728K, 99% used [0x00000000f5580000,0x00000000f5effff0,0x00000000f5f00000)
  from space 24064K, 71% used [0x00000000f8f80000,0x00000000fa035ef0,0x00000000fa700000)
  to   space 49664K, 0% used [0x00000000f5f00000,0x00000000f5f00000,0x00000000f8f80000)
 ParOldGen       total 349696K, used 349695K [0x00000000e0000000, 0x00000000f5580000, 0x00000000f5580000)
  object space 349696K, 99% used [0x00000000e0000000,0x00000000f557fff8,0x00000000f5580000)
 Metaspace       used 56760K, committed 57664K, reserved 1105920K
  class space    used 5477K, committed 5888K, reserved 1048576K
GC Heap History (20 events):
Event: 654.616 GC heap before
{Heap before GC invocations=539 (full 453):
 PSYoungGen      total 33792K, used 26839K [0x00000000f5580000, 0x00000000fc080000, 0x0000000100000000)
  eden space 9728K, 99% used [0x00000000f5580000,0x00000000f5efffe8,0x00000000f5f00000)
  from space 24064K, 71% used [0x00000000f8f80000,0x00000000fa035ef0,0x00000000fa700000)
  to   space 49664K, 0% used [0x00000000f5f00000,0x00000000f5f00000,0x00000000f8f80000)
 ParOldGen       total 349696K, used 349694K [0x00000000e0000000, 0x00000000f5580000, 0x00000000f5580000)
  object space 349696K, 99% used [0x00000000e0000000,0x00000000f557fbc8,0x00000000f5580000)
 Metaspace       used 56760K, committed 57664K, reserved 1105920K
  class space    used 5477K, committed 5888K, reserved 1048576K
}
Event: 655.894 GC heap after
{Heap after GC invocations=539 (full 453):
 PSYoungGen      total 33792K, used 26839K [0x00000000f5580000, 0x00000000fc080000, 0x0000000100000000)
  eden space 9728K, 99% used [0x00000000f5580000,0x00000000f5efffb0,0x00000000f5f00000)
  from space 24064K, 71% used [0x00000000f8f80000,0x00000000fa035ef0,0x00000000fa700000)
  to   space 49664K, 0% used [0x00000000f5f00000,0x00000000f5f00000,0x00000000f8f80000)
 ParOldGen       total 349696K, used 349694K [0x00000000e0000000, 0x00000000f5580000, 0x00000000f5580000)
  object space 349696K, 99% used [0x00000000e0000000,0x00000000f557fbc8,0x00000000f5580000)
 Metaspace       used 56760K, committed 57664K, reserved 1105920K
  class space    used 5477K, committed 5888K, reserved 1048576K
}
Event: 655.894 GC heap before
{Heap before GC invocations=540 (full 454):
 PSYoungGen      total 33792K, used 26839K [0x00000000f5580000, 0x00000000fc080000, 0x0000000100000000)
  eden space 9728K, 99% used [0x00000000f5580000,0x00000000f5effff0,0x00000000f5f00000)
  from space 24064K, 71% used [0x00000000f8f80000,0x00000000fa035ef0,0x00000000fa700000)
  to   space 49664K, 0% used [0x00000000f5f00000,0x00000000f5f00000,0x00000000f8f80000)
 ParOldGen       total 349696K, used 349694K [0x00000000e0000000, 0x00000000f5580000, 0x00000000f5580000)
  object space 349696K, 99% used [0x00000000e0000000,0x00000000f557fbc8,0x00000000f5580000)
 Metaspace       used 56760K, committed 57664K, reserved 1105920K
  class space    used 5477K, committed 5888K, reserved 1048576K
}
Event: 657.290 GC heap after
{Heap after GC invocations=540 (full 454):
 PSYoungGen      total 33792K, used 26839K [0x00000000f5580000, 0x00000000fc080000, 0x0000000100000000)
  eden space 9728K, 99% used [0x00000000f5580000,0x00000000f5efffb0,0x00000000f5f00000)
  from space 24064K, 71% used [0x00000000f8f80000,0x00000000fa035ef0,0x00000000fa700000)
  to   space 49664K, 0% used [0x00000000f5f00000,0x00000000f5f00000,0x00000000f8f80000)
 ParOldGen       total 349696K, used 349694K [0x00000000e0000000, 0x00000000f5580000, 0x00000000f5580000)
  object space 349696K, 99% used [0x00000000e0000000,0x00000000f557fbc8,0x00000000f5580000)
 Metaspace       used 56760K, committed 57664K, reserved 1105920K
  class space    used 5477K, committed 5888K, reserved 1048576K
}
Event: 657.292 GC heap before
{Heap before GC invocations=541 (full 455):
 PSYoungGen      total 33792K, used 26839K [0x00000000f5580000, 0x00000000fc080000, 0x0000000100000000)
  eden space 9728K, 99% used [0x00000000f5580000,0x00000000f5effff8,0x00000000f5f00000)
  from space 24064K, 71% used [0x00000000f8f80000,0x00000000fa035ef0,0x00000000fa700000)
  to   space 49664K, 0% used [0x00000000f5f00000,0x00000000f5f00000,0x00000000f8f80000)
 ParOldGen       total 349696K, used 349694K [0x00000000e0000000, 0x00000000f5580000, 0x00000000f5580000)
  object space 349696K, 99% used [0x00000000e0000000,0x00000000f557fbc8,0x00000000f5580000)
 Metaspace       used 56760K, committed 57664K, reserved 1105920K
  class space    used 5477K, committed 5888K, reserved 1048576K
}
Event: 658.681 GC heap after
{Heap after GC invocations=541 (full 455):
 PSYoungGen      total 33792K, used 26839K [0x00000000f5580000, 0x00000000fc080000, 0x0000000100000000)
  eden space 9728K, 99% used [0x00000000f5580000,0x00000000f5efffc8,0x00000000f5f00000)
  from space 24064K, 71% used [0x00000000f8f80000,0x00000000fa035ef0,0x00000000fa700000)
  to   space 49664K, 0% used [0x00000000f5f00000,0x00000000f5f00000,0x00000000f8f80000)
 ParOldGen       total 349696K, used 349694K [0x00000000e0000000, 0x00000000f5580000, 0x00000000f5580000)
  object space 349696K, 99% used [0x00000000e0000000,0x00000000f557fbc8,0x00000000f5580000)
 Metaspace       used 56760K, committed 57664K, reserved 1105920K
  class space    used 5477K, committed 5888K, reserved 1048576K
}
Event: 658.681 GC heap before
{Heap before GC invocations=542 (full 456):
 PSYoungGen      total 33792K, used 26839K [0x00000000f5580000, 0x00000000fc080000, 0x0000000100000000)
  eden space 9728K, 100% used [0x00000000f5580000,0x00000000f5f00000,0x00000000f5f00000)
  from space 24064K, 71% used [0x00000000f8f80000,0x00000000fa035ef0,0x00000000fa700000)
  to   space 49664K, 0% used [0x00000000f5f00000,0x00000000f5f00000,0x00000000f8f80000)
 ParOldGen       total 349696K, used 349694K [0x00000000e0000000, 0x00000000f5580000, 0x00000000f5580000)
  object space 349696K, 99% used [0x00000000e0000000,0x00000000f557fbc8,0x00000000f5580000)
 Metaspace       used 56760K, committed 57664K, reserved 1105920K
  class space    used 5477K, committed 5888K, reserved 1048576K
}
Event: 660.004 GC heap after
{Heap after GC invocations=542 (full 456):
 PSYoungGen      total 33792K, used 26839K [0x00000000f5580000, 0x00000000fc080000, 0x0000000100000000)
  eden space 9728K, 100% used [0x00000000f5580000,0x00000000f5f00000,0x00000000f5f00000)
  from space 24064K, 71% used [0x00000000f8f80000,0x00000000fa035ef0,0x00000000fa700000)
  to   space 49664K, 0% used [0x00000000f5f00000,0x00000000f5f00000,0x00000000f8f80000)
 ParOldGen       total 349696K, used 349694K [0x00000000e0000000, 0x00000000f5580000, 0x00000000f5580000)
  object space 349696K, 99% used [0x00000000e0000000,0x00000000f557fbc8,0x00000000f5580000)
 Metaspace       used 56760K, committed 57664K, reserved 1105920K
  class space    used 5477K, committed 5888K, reserved 1048576K
}
Event: 660.007 GC heap before
{Heap before GC invocations=543 (full 457):
 PSYoungGen      total 33792K, used 26839K [0x00000000f5580000, 0x00000000fc080000, 0x0000000100000000)
  eden space 9728K, 100% used [0x00000000f5580000,0x00000000f5f00000,0x00000000f5f00000)
  from space 24064K, 71% used [0x00000000f8f80000,0x00000000fa035ef0,0x00000000fa700000)
  to   space 49664K, 0% used [0x00000000f5f00000,0x00000000f5f00000,0x00000000f8f80000)
 ParOldGen       total 349696K, used 349696K [0x00000000e0000000, 0x00000000f5580000, 0x00000000f5580000)
  object space 349696K, 100% used [0x00000000e0000000,0x00000000f5580000,0x00000000f5580000)
 Metaspace       used 56760K, committed 57664K, reserved 1105920K
  class space    used 5477K, committed 5888K, reserved 1048576K
}
Event: 661.361 GC heap after
{Heap after GC invocations=543 (full 457):
 PSYoungGen      total 33792K, used 26839K [0x00000000f5580000, 0x00000000fc080000, 0x0000000100000000)
  eden space 9728K, 100% used [0x00000000f5580000,0x00000000f5f00000,0x00000000f5f00000)
  from space 24064K, 71% used [0x00000000f8f80000,0x00000000fa035ef0,0x00000000fa700000)
  to   space 49664K, 0% used [0x00000000f5f00000,0x00000000f5f00000,0x00000000f8f80000)
 ParOldGen       total 349696K, used 349694K [0x00000000e0000000, 0x00000000f5580000, 0x00000000f5580000)
  object space 349696K, 99% used [0x00000000e0000000,0x00000000f557fbc8,0x00000000f5580000)
 Metaspace       used 56760K, committed 57664K, reserved 1105920K
  class space    used 5477K, committed 5888K, reserved 1048576K
}
Event: 661.364 GC heap before
{Heap before GC invocations=544 (full 458):
 PSYoungGen      total 33792K, used 26839K [0x00000000f5580000, 0x00000000fc080000, 0x0000000100000000)
  eden space 9728K, 100% used [0x00000000f5580000,0x00000000f5f00000,0x00000000f5f00000)
  from space 24064K, 71% used [0x00000000f8f80000,0x00000000fa035ef0,0x00000000fa700000)
  to   space 49664K, 0% used [0x00000000f5f00000,0x00000000f5f00000,0x00000000f8f80000)
 ParOldGen       total 349696K, used 349695K [0x00000000e0000000, 0x00000000f5580000, 0x00000000f5580000)
  object space 349696K, 99% used [0x00000000e0000000,0x00000000f557fff8,0x00000000f5580000)
 Metaspace       used 56760K, committed 57664K, reserved 1105920K
  class space    used 5477K, committed 5888K, reserved 1048576K
}
Event: 662.614 GC heap after
{Heap after GC invocations=544 (full 458):
 PSYoungGen      total 33792K, used 26839K [0x00000000f5580000, 0x00000000fc080000, 0x0000000100000000)
  eden space 9728K, 99% used [0x00000000f5580000,0x00000000f5efffb0,0x00000000f5f00000)
  from space 24064K, 71% used [0x00000000f8f80000,0x00000000fa035ef0,0x00000000fa700000)
  to   space 49664K, 0% used [0x00000000f5f00000,0x00000000f5f00000,0x00000000f8f80000)
 ParOldGen       total 349696K, used 349694K [0x00000000e0000000, 0x00000000f5580000, 0x00000000f5580000)
  object space 349696K, 99% used [0x00000000e0000000,0x00000000f557fb98,0x00000000f5580000)
 Metaspace       used 56760K, committed 57664K, reserved 1105920K
  class space    used 5477K, committed 5888K, reserved 1048576K
}
Event: 662.615 GC heap before
{Heap before GC invocations=545 (full 459):
 PSYoungGen      total 33792K, used 26839K [0x00000000f5580000, 0x00000000fc080000, 0x0000000100000000)
  eden space 9728K, 100% used [0x00000000f5580000,0x00000000f5f00000,0x00000000f5f00000)
  from space 24064K, 71% used [0x00000000f8f80000,0x00000000fa035ef0,0x00000000fa700000)
  to   space 49664K, 0% used [0x00000000f5f00000,0x00000000f5f00000,0x00000000f8f80000)
 ParOldGen       total 349696K, used 349694K [0x00000000e0000000, 0x00000000f5580000, 0x00000000f5580000)
  object space 349696K, 99% used [0x00000000e0000000,0x00000000f557fb98,0x00000000f5580000)
 Metaspace       used 56760K, committed 57664K, reserved 1105920K
  class space    used 5477K, committed 5888K, reserved 1048576K
}
Event: 664.060 GC heap after
{Heap after GC invocations=545 (full 459):
 PSYoungGen      total 33792K, used 26839K [0x00000000f5580000, 0x00000000fc080000, 0x0000000100000000)
  eden space 9728K, 99% used [0x00000000f5580000,0x00000000f5efffb0,0x00000000f5f00000)
  from space 24064K, 71% used [0x00000000f8f80000,0x00000000fa035ef0,0x00000000fa700000)
  to   space 49664K, 0% used [0x00000000f5f00000,0x00000000f5f00000,0x00000000f8f80000)
 ParOldGen       total 349696K, used 349694K [0x00000000e0000000, 0x00000000f5580000, 0x00000000f5580000)
  object space 349696K, 99% used [0x00000000e0000000,0x00000000f557fb98,0x00000000f5580000)
 Metaspace       used 56760K, committed 57664K, reserved 1105920K
  class space    used 5477K, committed 5888K, reserved 1048576K
}
Event: 664.060 GC heap before
{Heap before GC invocations=546 (full 460):
 PSYoungGen      total 33792K, used 26839K [0x00000000f5580000, 0x00000000fc080000, 0x0000000100000000)
  eden space 9728K, 100% used [0x00000000f5580000,0x00000000f5f00000,0x00000000f5f00000)
  from space 24064K, 71% used [0x00000000f8f80000,0x00000000fa035ef0,0x00000000fa700000)
  to   space 49664K, 0% used [0x00000000f5f00000,0x00000000f5f00000,0x00000000f8f80000)
 ParOldGen       total 349696K, used 349694K [0x00000000e0000000, 0x00000000f5580000, 0x00000000f5580000)
  object space 349696K, 99% used [0x00000000e0000000,0x00000000f557fb98,0x00000000f5580000)
 Metaspace       used 56760K, committed 57664K, reserved 1105920K
  class space    used 5477K, committed 5888K, reserved 1048576K
}
Event: 665.199 GC heap after
{Heap after GC invocations=546 (full 460):
 PSYoungGen      total 33792K, used 26839K [0x00000000f5580000, 0x00000000fc080000, 0x0000000100000000)
  eden space 9728K, 99% used [0x00000000f5580000,0x00000000f5efffb0,0x00000000f5f00000)
  from space 24064K, 71% used [0x00000000f8f80000,0x00000000fa035ef0,0x00000000fa700000)
  to   space 49664K, 0% used [0x00000000f5f00000,0x00000000f5f00000,0x00000000f8f80000)
 ParOldGen       total 349696K, used 349694K [0x00000000e0000000, 0x00000000f5580000, 0x00000000f5580000)
  object space 349696K, 99% used [0x00000000e0000000,0x00000000f557fb98,0x00000000f5580000)
 Metaspace       used 56760K, committed 57664K, reserved 1105920K
  class space    used 5477K, committed 5888K, reserved 1048576K
}
Event: 665.200 GC heap before
{Heap before GC invocations=547 (full 461):
 PSYoungGen      total 33792K, used 26839K [0x00000000f5580000, 0x00000000fc080000, 0x0000000100000000)
  eden space 9728K, 99% used [0x00000000f5580000,0x00000000f5efffd0,0x00000000f5f00000)
  from space 24064K, 71% used [0x00000000f8f80000,0x00000000fa035ef0,0x00000000fa700000)
  to   space 49664K, 0% used [0x00000000f5f00000,0x00000000f5f00000,0x00000000f8f80000)
 ParOldGen       total 349696K, used 349694K [0x00000000e0000000, 0x00000000f5580000, 0x00000000f5580000)
  object space 349696K, 99% used [0x00000000e0000000,0x00000000f557fb98,0x00000000f5580000)
 Metaspace       used 56760K, committed 57664K, reserved 1105920K
  class space    used 5477K, committed 5888K, reserved 1048576K
}
Event: 666.515 GC heap after
{Heap after GC invocations=547 (full 461):
 PSYoungGen      total 33792K, used 26839K [0x00000000f5580000, 0x00000000fc080000, 0x0000000100000000)
  eden space 9728K, 99% used [0x00000000f5580000,0x00000000f5efffb0,0x00000000f5f00000)
  from space 24064K, 71% used [0x00000000f8f80000,0x00000000fa035ef0,0x00000000fa700000)
  to   space 49664K, 0% used [0x00000000f5f00000,0x00000000f5f00000,0x00000000f8f80000)
 ParOldGen       total 349696K, used 349694K [0x00000000e0000000, 0x00000000f5580000, 0x00000000f5580000)
  object space 349696K, 99% used [0x00000000e0000000,0x00000000f557fb98,0x00000000f5580000)
 Metaspace       used 56760K, committed 57664K, reserved 1105920K
  class space    used 5477K, committed 5888K, reserved 1048576K
}
Event: 666.515 GC heap before
{Heap before GC invocations=548 (full 462):
 PSYoungGen      total 33792K, used 26839K [0x00000000f5580000, 0x00000000fc080000, 0x0000000100000000)
  eden space 9728K, 99% used [0x00000000f5580000,0x00000000f5efffb0,0x00000000f5f00000)
  from space 24064K, 71% used [0x00000000f8f80000,0x00000000fa035ef0,0x00000000fa700000)
  to   space 49664K, 0% used [0x00000000f5f00000,0x00000000f5f00000,0x00000000f8f80000)
 ParOldGen       total 349696K, used 349694K [0x00000000e0000000, 0x00000000f5580000, 0x00000000f5580000)
  object space 349696K, 99% used [0x00000000e0000000,0x00000000f557fb98,0x00000000f5580000)
 Metaspace       used 56760K, committed 57664K, reserved 1105920K
  class space    used 5477K, committed 5888K, reserved 1048576K
}
Event: 667.775 GC heap after
{Heap after GC invocations=548 (full 462):
 PSYoungGen      total 33792K, used 26839K [0x00000000f5580000, 0x00000000fc080000, 0x0000000100000000)
  eden space 9728K, 99% used [0x00000000f5580000,0x00000000f5efffb0,0x00000000f5f00000)
  from space 24064K, 71% used [0x00000000f8f80000,0x00000000fa035ef0,0x00000000fa700000)
  to   space 49664K, 0% used [0x00000000f5f00000,0x00000000f5f00000,0x00000000f8f80000)
 ParOldGen       total 349696K, used 349694K [0x00000000e0000000, 0x00000000f5580000, 0x00000000f5580000)
  object space 349696K, 99% used [0x00000000e0000000,0x00000000f557fb98,0x00000000f5580000)
 Metaspace       used 56760K, committed 57664K, reserved 1105920K
  class space    used 5477K, committed 5888K, reserved 1048576K
}

