# JRE version: OpenJDK Runtime Environment GraalVM CE 22.3.0 (17.0.5+8) (build 17.0.5+8-jvmci-22.3-b08)
# Java VM: OpenJDK 64-Bit Server VM GraalVM CE 22.3.0 (17.0.5+8-jvmci-22.3-b08, mixed mode, sharing, tiered, jvmci, jvmci compiler, compressed oops, compressed class ptrs, parallel gc, linux-amd64)
GC Precious Log:
 CPUs: 8 total, 1 available
 Memory: 1024M
 Large Page Support: Disabled
 NUMA Support: Disabled
 Compressed Oops: Enabled (32-bit)
 Alignments: Space 512K, Generation 512K, Heap 2M
 Heap Min Capacity: 100M
 Heap Initial Capacity: 100M
 Heap Max Capacity: 512M
 Pre-touch: Disabled
 Parallel Workers: 1
Heap:
 PSYoungGen      total 61440K, used 37888K [0x00000000f5580000, 0x00000000faa80000, 0x0000000100000000)
  eden space 37888K, 100% used [0x00000000f5580000,0x00000000f7a80000,0x00000000f7a80000)
  from space 23552K, 0% used [0x00000000f7a80000,0x00000000f7a80000,0x00000000f9180000)
  to   space 23552K, 0% used [0x00000000f9180000,0x00000000f9180000,0x00000000fa880000)
 ParOldGen       total 349696K, used 349695K [0x00000000e0000000, 0x00000000f5580000, 0x00000000f5580000)
  object space 349696K, 99% used [0x00000000e0000000,0x00000000f557ffe8,0x00000000f5580000)
 Metaspace       used 60843K, committed 61632K, reserved 1105920K
  class space    used 5545K, committed 5888K, reserved 1048576K
GC Heap History (20 events):
Event: 981.833 GC heap before
{Heap before GC invocations=730 (full 585):
 PSYoungGen      total 61440K, used 37888K [0x00000000f5580000, 0x00000000faa80000, 0x0000000100000000)
  eden space 37888K, 100% used [0x00000000f5580000,0x00000000f7a80000,0x00000000f7a80000)
  from space 23552K, 0% used [0x00000000f7a80000,0x00000000f7a80000,0x00000000f9180000)
  to   space 23552K, 0% used [0x00000000f9180000,0x00000000f9180000,0x00000000fa880000)
 ParOldGen       total 349696K, used 349695K [0x00000000e0000000, 0x00000000f5580000, 0x00000000f5580000)
  object space 349696K, 99% used [0x00000000e0000000,0x00000000f557ff90,0x00000000f5580000)
 Metaspace       used 60843K, committed 61632K, reserved 1105920K
  class space    used 5545K, committed 5888K, reserved 1048576K
}
Event: 983.441 GC heap after
{Heap after GC invocations=730 (full 585):
 PSYoungGen      total 61440K, used 37887K [0x00000000f5580000, 0x00000000faa80000, 0x0000000100000000)
  eden space 37888K, 99% used [0x00000000f5580000,0x00000000f7a7ffd0,0x00000000f7a80000)
  from space 23552K, 0% used [0x00000000f9180000,0x00000000f9180000,0x00000000fa880000)
  to   space 23552K, 0% used [0x00000000f7a80000,0x00000000f7a80000,0x00000000f9180000)
 ParOldGen       total 349696K, used 349695K [0x00000000e0000000, 0x00000000f5580000, 0x00000000f5580000)
  object space 349696K, 99% used [0x00000000e0000000,0x00000000f557ff90,0x00000000f5580000)
 Metaspace       used 60843K, committed 61632K, reserved 1105920K
  class space    used 5545K, committed 5888K, reserved 1048576K
}
Event: 983.441 GC heap before
{Heap before GC invocations=731 (full 586):
 PSYoungGen      total 61440K, used 37887K [0x00000000f5580000, 0x00000000faa80000, 0x0000000100000000)
  eden space 37888K, 99% used [0x00000000f5580000,0x00000000f7a7fff0,0x00000000f7a80000)
  from space 23552K, 0% used [0x00000000f9180000,0x00000000f9180000,0x00000000fa880000)
  to   space 23552K, 0% used [0x00000000f7a80000,0x00000000f7a80000,0x00000000f9180000)
 ParOldGen       total 349696K, used 349695K [0x00000000e0000000, 0x00000000f5580000, 0x00000000f5580000)
  object space 349696K, 99% used [0x00000000e0000000,0x00000000f557ff90,0x00000000f5580000)
 Metaspace       used 60843K, committed 61632K, reserved 1105920K
  class space    used 5545K, committed 5888K, reserved 1048576K
}
Event: 985.024 GC heap after
{Heap after GC invocations=731 (full 586):
 PSYoungGen      total 61440K, used 37887K [0x00000000f5580000, 0x00000000faa80000, 0x0000000100000000)
  eden space 37888K, 99% used [0x00000000f5580000,0x00000000f7a7fff0,0x00000000f7a80000)
  from space 23552K, 0% used [0x00000000f7a80000,0x00000000f7a80000,0x00000000f9180000)
  to   space 23552K, 0% used [0x00000000f9180000,0x00000000f9180000,0x00000000fa880000)
 ParOldGen       total 349696K, used 349695K [0x00000000e0000000, 0x00000000f5580000, 0x00000000f5580000)
  object space 349696K, 99% used [0x00000000e0000000,0x00000000f557ff90,0x00000000f5580000)
 Metaspace       used 60843K, committed 61632K, reserved 1105920K
  class space    used 5545K, committed 5888K, reserved 1048576K
}
Event: 985.024 GC heap before
{Heap before GC invocations=732 (full 587):
 PSYoungGen      total 61440K, used 37887K [0x00000000f5580000, 0x00000000faa80000, 0x0000000100000000)
  eden space 37888K, 99% used [0x00000000f5580000,0x00000000f7a7fff0,0x00000000f7a80000)
  from space 23552K, 0% used [0x00000000f7a80000,0x00000000f7a80000,0x00000000f9180000)
  to   space 23552K, 0% used [0x00000000f9180000,0x00000000f9180000,0x00000000fa880000)
 ParOldGen       total 349696K, used 349695K [0x00000000e0000000, 0x00000000f5580000, 0x00000000f5580000)
  object space 349696K, 99% used [0x00000000e0000000,0x00000000f557fff8,0x00000000f5580000)
 Metaspace       used 60843K, committed 61632K, reserved 1105920K
  class space    used 5545K, committed 5888K, reserved 1048576K
}
Event: 986.531 GC heap after
{Heap after GC invocations=732 (full 587):
 PSYoungGen      total 61440K, used 37887K [0x00000000f5580000, 0x00000000faa80000, 0x0000000100000000)
  eden space 37888K, 99% used [0x00000000f5580000,0x00000000f7a7ffd0,0x00000000f7a80000)
  from space 23552K, 0% used [0x00000000f9180000,0x00000000f9180000,0x00000000fa880000)
  to   space 23552K, 0% used [0x00000000f7a80000,0x00000000f7a80000,0x00000000f9180000)
 ParOldGen       total 349696K, used 349695K [0x00000000e0000000, 0x00000000f5580000, 0x00000000f5580000)
  object space 349696K, 99% used [0x00000000e0000000,0x00000000f557ff90,0x00000000f5580000)
 Metaspace       used 60843K, committed 61632K, reserved 1105920K
  class space    used 5545K, committed 5888K, reserved 1048576K
}
Event: 986.531 GC heap before
{Heap before GC invocations=733 (full 588):
 PSYoungGen      total 61440K, used 37888K [0x00000000f5580000, 0x00000000faa80000, 0x0000000100000000)
  eden space 37888K, 100% used [0x00000000f5580000,0x00000000f7a80000,0x00000000f7a80000)
  from space 23552K, 0% used [0x00000000f9180000,0x00000000f9180000,0x00000000fa880000)
  to   space 23552K, 0% used [0x00000000f7a80000,0x00000000f7a80000,0x00000000f9180000)
 ParOldGen       total 349696K, used 349695K [0x00000000e0000000, 0x00000000f5580000, 0x00000000f5580000)
  object space 349696K, 99% used [0x00000000e0000000,0x00000000f557ff90,0x00000000f5580000)
 Metaspace       used 60843K, committed 61632K, reserved 1105920K
  class space    used 5545K, committed 5888K, reserved 1048576K
}
Event: 988.025 GC heap after
{Heap after GC invocations=733 (full 588):
 PSYoungGen      total 61440K, used 37888K [0x00000000f5580000, 0x00000000faa80000, 0x0000000100000000)
  eden space 37888K, 100% used [0x00000000f5580000,0x00000000f7a80000,0x00000000f7a80000)
  from space 23552K, 0% used [0x00000000f7a80000,0x00000000f7a80000,0x00000000f9180000)
  to   space 23552K, 0% used [0x00000000f9180000,0x00000000f9180000,0x00000000fa880000)
 ParOldGen       total 349696K, used 349695K [0x00000000e0000000, 0x00000000f5580000, 0x00000000f5580000)
  object space 349696K, 99% used [0x00000000e0000000,0x00000000f557ff90,0x00000000f5580000)
 Metaspace       used 60843K, committed 61632K, reserved 1105920K
  class space    used 5545K, committed 5888K, reserved 1048576K
}
Event: 988.026 GC heap before
{Heap before GC invocations=734 (full 589):
 PSYoungGen      total 61440K, used 37888K [0x00000000f5580000, 0x00000000faa80000, 0x0000000100000000)
  eden space 37888K, 100% used [0x00000000f5580000,0x00000000f7a80000,0x00000000f7a80000)
  from space 23552K, 0% used [0x00000000f7a80000,0x00000000f7a80000,0x00000000f9180000)
  to   space 23552K, 0% used [0x00000000f9180000,0x00000000f9180000,0x00000000fa880000)
 ParOldGen       total 349696K, used 349695K [0x00000000e0000000, 0x00000000f5580000, 0x00000000f5580000)
  object space 349696K, 99% used [0x00000000e0000000,0x00000000f557fff8,0x00000000f5580000)
 Metaspace       used 60843K, committed 61632K, reserved 1105920K
  class space    used 5545K, committed 5888K, reserved 1048576K
}
Event: 989.532 GC heap after
{Heap after GC invocations=734 (full 589):
 PSYoungGen      total 61440K, used 37888K [0x00000000f5580000, 0x00000000faa80000, 0x0000000100000000)
  eden space 37888K, 100% used [0x00000000f5580000,0x00000000f7a80000,0x00000000f7a80000)
  from space 23552K, 0% used [0x00000000f9180000,0x00000000f9180000,0x00000000fa880000)
  to   space 23552K, 0% used [0x00000000f7a80000,0x00000000f7a80000,0x00000000f9180000)
 ParOldGen       total 349696K, used 349695K [0x00000000e0000000, 0x00000000f5580000, 0x00000000f5580000)
  object space 349696K, 99% used [0x00000000e0000000,0x00000000f557ff90,0x00000000f5580000)
 Metaspace       used 60843K, committed 61632K, reserved 1105920K
  class space    used 5545K, committed 5888K, reserved 1048576K
}
Event: 989.532 GC heap before
{Heap before GC invocations=735 (full 590):
 PSYoungGen      total 61440K, used 37888K [0x00000000f5580000, 0x00000000faa80000, 0x0000000100000000)
  eden space 37888K, 100% used [0x00000000f5580000,0x00000000f7a80000,0x00000000f7a80000)
  from space 23552K, 0% used [0x00000000f9180000,0x00000000f9180000,0x00000000fa880000)
  to   space 23552K, 0% used [0x00000000f7a80000,0x00000000f7a80000,0x00000000f9180000)
 ParOldGen       total 349696K, used 349695K [0x00000000e0000000, 0x00000000f5580000, 0x00000000f5580000)
  object space 349696K, 99% used [0x00000000e0000000,0x00000000f557ffe8,0x00000000f5580000)
 Metaspace       used 60843K, committed 61632K, reserved 1105920K
  class space    used 5545K, committed 5888K, reserved 1048576K
}
Event: 990.999 GC heap after
{Heap after GC invocations=735 (full 590):
 PSYoungGen      total 61440K, used 37888K [0x00000000f5580000, 0x00000000faa80000, 0x0000000100000000)
  eden space 37888K, 100% used [0x00000000f5580000,0x00000000f7a80000,0x00000000f7a80000)
  from space 23552K, 0% used [0x00000000f7a80000,0x00000000f7a80000,0x00000000f9180000)
  to   space 23552K, 0% used [0x00000000f9180000,0x00000000f9180000,0x00000000fa880000)
 ParOldGen       total 349696K, used 349695K [0x00000000e0000000, 0x00000000f5580000, 0x00000000f5580000)
  object space 349696K, 99% used [0x00000000e0000000,0x00000000f557ffe8,0x00000000f5580000)
 Metaspace       used 60843K, committed 61632K, reserved 1105920K
  class space    used 5545K, committed 5888K, reserved 1048576K
}
Event: 990.999 GC heap before
{Heap before GC invocations=736 (full 591):
 PSYoungGen      total 61440K, used 37888K [0x00000000f5580000, 0x00000000faa80000, 0x0000000100000000)
  eden space 37888K, 100% used [0x00000000f5580000,0x00000000f7a80000,0x00000000f7a80000)
  from space 23552K, 0% used [0x00000000f7a80000,0x00000000f7a80000,0x00000000f9180000)
  to   space 23552K, 0% used [0x00000000f9180000,0x00000000f9180000,0x00000000fa880000)
 ParOldGen       total 349696K, used 349695K [0x00000000e0000000, 0x00000000f5580000, 0x00000000f5580000)
  object space 349696K, 99% used [0x00000000e0000000,0x00000000f557ffe8,0x00000000f5580000)
 Metaspace       used 60843K, committed 61632K, reserved 1105920K
  class space    used 5545K, committed 5888K, reserved 1048576K
}
Event: 992.451 GC heap after
{Heap after GC invocations=736 (full 591):
 PSYoungGen      total 61440K, used 37888K [0x00000000f5580000, 0x00000000faa80000, 0x0000000100000000)
  eden space 37888K, 100% used [0x00000000f5580000,0x00000000f7a80000,0x00000000f7a80000)
  from space 23552K, 0% used [0x00000000f9180000,0x00000000f9180000,0x00000000fa880000)
  to   space 23552K, 0% used [0x00000000f7a80000,0x00000000f7a80000,0x00000000f9180000)
 ParOldGen       total 349696K, used 349695K [0x00000000e0000000, 0x00000000f5580000, 0x00000000f5580000)
  object space 349696K, 99% used [0x00000000e0000000,0x00000000f557ffe8,0x00000000f5580000)
 Metaspace       used 60843K, committed 61632K, reserved 1105920K
  class space    used 5545K, committed 5888K, reserved 1048576K
}
Event: 992.458 GC heap before
{Heap before GC invocations=737 (full 592):
 PSYoungGen      total 61440K, used 37888K [0x00000000f5580000, 0x00000000faa80000, 0x0000000100000000)
  eden space 37888K, 100% used [0x00000000f5580000,0x00000000f7a80000,0x00000000f7a80000)
  from space 23552K, 0% used [0x00000000f9180000,0x00000000f9180000,0x00000000fa880000)
  to   space 23552K, 0% used [0x00000000f7a80000,0x00000000f7a80000,0x00000000f9180000)
 ParOldGen       total 349696K, used 349695K [0x00000000e0000000, 0x00000000f5580000, 0x00000000f5580000)
  object space 349696K, 99% used [0x00000000e0000000,0x00000000f557ffe8,0x00000000f5580000)
 Metaspace       used 60843K, committed 61632K, reserved 1105920K
  class space    used 5545K, committed 5888K, reserved 1048576K
}
Event: 994.015 GC heap after
{Heap after GC invocations=737 (full 592):
 PSYoungGen      total 61440K, used 37888K [0x00000000f5580000, 0x00000000faa80000, 0x0000000100000000)
  eden space 37888K, 100% used [0x00000000f5580000,0x00000000f7a80000,0x00000000f7a80000)
  from space 23552K, 0% used [0x00000000f7a80000,0x00000000f7a80000,0x00000000f9180000)
  to   space 23552K, 0% used [0x00000000f9180000,0x00000000f9180000,0x00000000fa880000)
 ParOldGen       total 349696K, used 349694K [0x00000000e0000000, 0x00000000f5580000, 0x00000000f5580000)
  object space 349696K, 99% used [0x00000000e0000000,0x00000000f557fa48,0x00000000f5580000)
 Metaspace       used 60843K, committed 61632K, reserved 1105920K
  class space    used 5545K, committed 5888K, reserved 1048576K
}
Event: 994.016 GC heap before
{Heap before GC invocations=738 (full 593):
 PSYoungGen      total 61440K, used 37888K [0x00000000f5580000, 0x00000000faa80000, 0x0000000100000000)
  eden space 37888K, 100% used [0x00000000f5580000,0x00000000f7a80000,0x00000000f7a80000)
  from space 23552K, 0% used [0x00000000f7a80000,0x00000000f7a80000,0x00000000f9180000)
  to   space 23552K, 0% used [0x00000000f9180000,0x00000000f9180000,0x00000000fa880000)
 ParOldGen       total 349696K, used 349694K [0x00000000e0000000, 0x00000000f5580000, 0x00000000f5580000)
  object space 349696K, 99% used [0x00000000e0000000,0x00000000f557fad8,0x00000000f5580000)
 Metaspace       used 60843K, committed 61632K, reserved 1105920K
  class space    used 5545K, committed 5888K, reserved 1048576K
}
Event: 995.524 GC heap after
{Heap after GC invocations=738 (full 593):
 PSYoungGen      total 61440K, used 37887K [0x00000000f5580000, 0x00000000faa80000, 0x0000000100000000)
  eden space 37888K, 99% used [0x00000000f5580000,0x00000000f7a7ffe0,0x00000000f7a80000)
  from space 23552K, 0% used [0x00000000f9180000,0x00000000f9180000,0x00000000fa880000)
  to   space 23552K, 0% used [0x00000000f7a80000,0x00000000f7a80000,0x00000000f9180000)
 ParOldGen       total 349696K, used 349694K [0x00000000e0000000, 0x00000000f5580000, 0x00000000f5580000)
  object space 349696K, 99% used [0x00000000e0000000,0x00000000f557fa70,0x00000000f5580000)
 Metaspace       used 60843K, committed 61632K, reserved 1105920K
  class space    used 5545K, committed 5888K, reserved 1048576K
}
Event: 995.524 GC heap before
{Heap before GC invocations=739 (full 594):
 PSYoungGen      total 61440K, used 37887K [0x00000000f5580000, 0x00000000faa80000, 0x0000000100000000)
  eden space 37888K, 99% used [0x00000000f5580000,0x00000000f7a7ffe0,0x00000000f7a80000)
  from space 23552K, 0% used [0x00000000f9180000,0x00000000f9180000,0x00000000fa880000)
  to   space 23552K, 0% used [0x00000000f7a80000,0x00000000f7a80000,0x00000000f9180000)
 ParOldGen       total 349696K, used 349694K [0x00000000e0000000, 0x00000000f5580000, 0x00000000f5580000)
  object space 349696K, 99% used [0x00000000e0000000,0x00000000f557fa70,0x00000000f5580000)
 Metaspace       used 60843K, committed 61632K, reserved 1105920K
  class space    used 5545K, committed 5888K, reserved 1048576K
}
Event: 997.030 GC heap after
{Heap after GC invocations=739 (full 594):
 PSYoungGen      total 61440K, used 37887K [0x00000000f5580000, 0x00000000faa80000, 0x0000000100000000)
  eden space 37888K, 99% used [0x00000000f5580000,0x00000000f7a7ffe0,0x00000000f7a80000)
  from space 23552K, 0% used [0x00000000f7a80000,0x00000000f7a80000,0x00000000f9180000)
  to   space 23552K, 0% used [0x00000000f9180000,0x00000000f9180000,0x00000000fa880000)
 ParOldGen       total 349696K, used 349694K [0x00000000e0000000, 0x00000000f5580000, 0x00000000f5580000)
  object space 349696K, 99% used [0x00000000e0000000,0x00000000f557fa70,0x00000000f5580000)
 Metaspace       used 60843K, committed 61632K, reserved 1105920K
  class space    used 5545K, committed 5888K, reserved 1048576K
}

