# JRE version: OpenJDK Runtime Environment GraalVM CE 22.3.0 (17.0.5+8) (build 17.0.5+8-jvmci-22.3-b08)
# Java VM: OpenJDK 64-Bit Server VM GraalVM CE 22.3.0 (17.0.5+8-jvmci-22.3-b08, mixed mode, sharing, tiered, jvmci, jvmci compiler, compressed oops, compressed class ptrs, parallel gc, linux-amd64)
GC Precious Log:
 CPUs: 8 total, 1 available
 Memory: 1024M
 Large Page Support: Disabled
 NUMA Support: Disabled
 Compressed Oops: Enabled (32-bit)
 Alignments: Space 512K, Generation 512K, Heap 2M
 Heap Min Capacity: 100M
 Heap Initial Capacity: 100M
 Heap Max Capacity: 512M
 Pre-touch: Disabled
 Parallel Workers: 1
Heap:
 PSYoungGen      total 61952K, used 51711K [0x00000000f5580000, 0x00000000fa400000, 0x0000000100000000)
  eden space 51712K, 99% used [0x00000000f5580000,0x00000000f87ffff8,0x00000000f8800000)
  from space 10240K, 0% used [0x00000000f8800000,0x00000000f8800000,0x00000000f9200000)
  to   space 13312K, 0% used [0x00000000f9700000,0x00000000f9700000,0x00000000fa400000)
 ParOldGen       total 349696K, used 349695K [0x00000000e0000000, 0x00000000f5580000, 0x00000000f5580000)
  object space 349696K, 99% used [0x00000000e0000000,0x00000000f557fff8,0x00000000f5580000)
 Metaspace       used 66224K, committed 67008K, reserved 1114112K
  class space    used 6200K, committed 6528K, reserved 1048576K
GC Heap History (20 events):
Event: 2430.074 GC heap before
{Heap before GC invocations=1843 (full 1653):
 PSYoungGen      total 61952K, used 51711K [0x00000000f5580000, 0x00000000fa400000, 0x0000000100000000)
  eden space 51712K, 99% used [0x00000000f5580000,0x00000000f87ffff0,0x00000000f8800000)
  from space 10240K, 0% used [0x00000000f8800000,0x00000000f8800000,0x00000000f9200000)
  to   space 13312K, 0% used [0x00000000f9700000,0x00000000f9700000,0x00000000fa400000)
 ParOldGen       total 349696K, used 349694K [0x00000000e0000000, 0x00000000f5580000, 0x00000000f5580000)
  object space 349696K, 99% used [0x00000000e0000000,0x00000000f557fa90,0x00000000f5580000)
 Metaspace       used 66224K, committed 67008K, reserved 1114112K
  class space    used 6200K, committed 6528K, reserved 1048576K
}
Event: 2431.627 GC heap after
{Heap after GC invocations=1843 (full 1653):
 PSYoungGen      total 65024K, used 51711K [0x00000000f5580000, 0x00000000fa400000, 0x0000000100000000)
  eden space 51712K, 99% used [0x00000000f5580000,0x00000000f87ffff0,0x00000000f8800000)
  from space 13312K, 0% used [0x00000000f9700000,0x00000000f9700000,0x00000000fa400000)
  to   space 10240K, 0% used [0x00000000f8800000,0x00000000f8800000,0x00000000f9200000)
 ParOldGen       total 349696K, used 349691K [0x00000000e0000000, 0x00000000f5580000, 0x00000000f5580000)
  object space 349696K, 99% used [0x00000000e0000000,0x00000000f557efe8,0x00000000f5580000)
 Metaspace       used 66224K, committed 67008K, reserved 1114112K
  class space    used 6200K, committed 6528K, reserved 1048576K
}
Event: 2431.628 GC heap before
{Heap before GC invocations=1844 (full 1654):
 PSYoungGen      total 65024K, used 51711K [0x00000000f5580000, 0x00000000fa400000, 0x0000000100000000)
  eden space 51712K, 99% used [0x00000000f5580000,0x00000000f87ffff0,0x00000000f8800000)
  from space 13312K, 0% used [0x00000000f9700000,0x00000000f9700000,0x00000000fa400000)
  to   space 10240K, 0% used [0x00000000f8800000,0x00000000f8800000,0x00000000f9200000)
 ParOldGen       total 349696K, used 349694K [0x00000000e0000000, 0x00000000f5580000, 0x00000000f5580000)
  object space 349696K, 99% used [0x00000000e0000000,0x00000000f557fb28,0x00000000f5580000)
 Metaspace       used 66224K, committed 67008K, reserved 1114112K
  class space    used 6200K, committed 6528K, reserved 1048576K
}
Event: 2433.054 GC heap after
{Heap after GC invocations=1844 (full 1654):
 PSYoungGen      total 61952K, used 51711K [0x00000000f5580000, 0x00000000fa400000, 0x0000000100000000)
  eden space 51712K, 99% used [0x00000000f5580000,0x00000000f87ffff0,0x00000000f8800000)
  from space 10240K, 0% used [0x00000000f8800000,0x00000000f8800000,0x00000000f9200000)
  to   space 13312K, 0% used [0x00000000f9700000,0x00000000f9700000,0x00000000fa400000)
 ParOldGen       total 349696K, used 349692K [0x00000000e0000000, 0x00000000f5580000, 0x00000000f5580000)
  object space 349696K, 99% used [0x00000000e0000000,0x00000000f557f040,0x00000000f5580000)
 Metaspace       used 66224K, committed 67008K, reserved 1114112K
  class space    used 6200K, committed 6528K, reserved 1048576K
}
Event: 2433.055 GC heap before
{Heap before GC invocations=1845 (full 1655):
 PSYoungGen      total 61952K, used 51712K [0x00000000f5580000, 0x00000000fa400000, 0x0000000100000000)
  eden space 51712K, 100% used [0x00000000f5580000,0x00000000f8800000,0x00000000f8800000)
  from space 10240K, 0% used [0x00000000f8800000,0x00000000f8800000,0x00000000f9200000)
  to   space 13312K, 0% used [0x00000000f9700000,0x00000000f9700000,0x00000000fa400000)
 ParOldGen       total 349696K, used 349693K [0x00000000e0000000, 0x00000000f5580000, 0x00000000f5580000)
  object space 349696K, 99% used [0x00000000e0000000,0x00000000f557f5e8,0x00000000f5580000)
 Metaspace       used 66224K, committed 67008K, reserved 1114112K
  class space    used 6200K, committed 6528K, reserved 1048576K
}
Event: 2434.523 GC heap after
{Heap after GC invocations=1845 (full 1655):
 PSYoungGen      total 65024K, used 51711K [0x00000000f5580000, 0x00000000fa400000, 0x0000000100000000)
  eden space 51712K, 99% used [0x00000000f5580000,0x00000000f87fffa0,0x00000000f8800000)
  from space 13312K, 0% used [0x00000000f9700000,0x00000000f9700000,0x00000000fa400000)
  to   space 10240K, 0% used [0x00000000f8800000,0x00000000f8800000,0x00000000f9200000)
 ParOldGen       total 349696K, used 349692K [0x00000000e0000000, 0x00000000f5580000, 0x00000000f5580000)
  object space 349696K, 99% used [0x00000000e0000000,0x00000000f557f1a0,0x00000000f5580000)
 Metaspace       used 66224K, committed 67008K, reserved 1114112K
  class space    used 6200K, committed 6528K, reserved 1048576K
}
Event: 2434.524 GC heap before
{Heap before GC invocations=1846 (full 1656):
 PSYoungGen      total 65024K, used 51712K [0x00000000f5580000, 0x00000000fa400000, 0x0000000100000000)
  eden space 51712K, 100% used [0x00000000f5580000,0x00000000f8800000,0x00000000f8800000)
  from space 13312K, 0% used [0x00000000f9700000,0x00000000f9700000,0x00000000fa400000)
  to   space 10240K, 0% used [0x00000000f8800000,0x00000000f8800000,0x00000000f9200000)
 ParOldGen       total 349696K, used 349692K [0x00000000e0000000, 0x00000000f5580000, 0x00000000f5580000)
  object space 349696K, 99% used [0x00000000e0000000,0x00000000f557f1a0,0x00000000f5580000)
 Metaspace       used 66224K, committed 67008K, reserved 1114112K
  class space    used 6200K, committed 6528K, reserved 1048576K
}
Event: 2435.986 GC heap after
{Heap after GC invocations=1846 (full 1656):
 PSYoungGen      total 61952K, used 51711K [0x00000000f5580000, 0x00000000fa400000, 0x0000000100000000)
  eden space 51712K, 99% used [0x00000000f5580000,0x00000000f87fffe0,0x00000000f8800000)
  from space 10240K, 0% used [0x00000000f8800000,0x00000000f8800000,0x00000000f9200000)
  to   space 13312K, 0% used [0x00000000f9700000,0x00000000f9700000,0x00000000fa400000)
 ParOldGen       total 349696K, used 349692K [0x00000000e0000000, 0x00000000f5580000, 0x00000000f5580000)
  object space 349696K, 99% used [0x00000000e0000000,0x00000000f557f180,0x00000000f5580000)
 Metaspace       used 66224K, committed 67008K, reserved 1114112K
  class space    used 6200K, committed 6528K, reserved 1048576K
}
Event: 2435.987 GC heap before
{Heap before GC invocations=1847 (full 1657):
 PSYoungGen      total 61952K, used 51711K [0x00000000f5580000, 0x00000000fa400000, 0x0000000100000000)
  eden space 51712K, 99% used [0x00000000f5580000,0x00000000f87ffff0,0x00000000f8800000)
  from space 10240K, 0% used [0x00000000f8800000,0x00000000f8800000,0x00000000f9200000)
  to   space 13312K, 0% used [0x00000000f9700000,0x00000000f9700000,0x00000000fa400000)
 ParOldGen       total 349696K, used 349692K [0x00000000e0000000, 0x00000000f5580000, 0x00000000f5580000)
  object space 349696K, 99% used [0x00000000e0000000,0x00000000f557f180,0x00000000f5580000)
 Metaspace       used 66224K, committed 67008K, reserved 1114112K
  class space    used 6200K, committed 6528K, reserved 1048576K
}
Event: 2437.422 GC heap after
{Heap after GC invocations=1847 (full 1657):
 PSYoungGen      total 65024K, used 51711K [0x00000000f5580000, 0x00000000fa400000, 0x0000000100000000)
  eden space 51712K, 99% used [0x00000000f5580000,0x00000000f87fffc0,0x00000000f8800000)
  from space 13312K, 0% used [0x00000000f9700000,0x00000000f9700000,0x00000000fa400000)
  to   space 10240K, 0% used [0x00000000f8800000,0x00000000f8800000,0x00000000f9200000)
 ParOldGen       total 349696K, used 349692K [0x00000000e0000000, 0x00000000f5580000, 0x00000000f5580000)
  object space 349696K, 99% used [0x00000000e0000000,0x00000000f557f180,0x00000000f5580000)
 Metaspace       used 66224K, committed 67008K, reserved 1114112K
  class space    used 6200K, committed 6528K, reserved 1048576K
}
Event: 2437.455 GC heap before
{Heap before GC invocations=1848 (full 1658):
 PSYoungGen      total 65024K, used 51711K [0x00000000f5580000, 0x00000000fa400000, 0x0000000100000000)
  eden space 51712K, 99% used [0x00000000f5580000,0x00000000f87ffff8,0x00000000f8800000)
  from space 13312K, 0% used [0x00000000f9700000,0x00000000f9700000,0x00000000fa400000)
  to   space 10240K, 0% used [0x00000000f8800000,0x00000000f8800000,0x00000000f9200000)
 ParOldGen       total 349696K, used 349692K [0x00000000e0000000, 0x00000000f5580000, 0x00000000f5580000)
  object space 349696K, 99% used [0x00000000e0000000,0x00000000f557f180,0x00000000f5580000)
 Metaspace       used 66224K, committed 67008K, reserved 1114112K
  class space    used 6200K, committed 6528K, reserved 1048576K
}
Event: 2438.981 GC heap after
{Heap after GC invocations=1848 (full 1658):
 PSYoungGen      total 61952K, used 51711K [0x00000000f5580000, 0x00000000fa400000, 0x0000000100000000)
  eden space 51712K, 99% used [0x00000000f5580000,0x00000000f87ffff8,0x00000000f8800000)
  from space 10240K, 0% used [0x00000000f8800000,0x00000000f8800000,0x00000000f9200000)
  to   space 13312K, 0% used [0x00000000f9700000,0x00000000f9700000,0x00000000fa400000)
 ParOldGen       total 349696K, used 349692K [0x00000000e0000000, 0x00000000f5580000, 0x00000000f5580000)
  object space 349696K, 99% used [0x00000000e0000000,0x00000000f557f160,0x00000000f5580000)
 Metaspace       used 66224K, committed 67008K, reserved 1114112K
  class space    used 6200K, committed 6528K, reserved 1048576K
}
Event: 2438.982 GC heap before
{Heap before GC invocations=1849 (full 1659):
 PSYoungGen      total 61952K, used 51711K [0x00000000f5580000, 0x00000000fa400000, 0x0000000100000000)
  eden space 51712K, 99% used [0x00000000f5580000,0x00000000f87ffff8,0x00000000f8800000)
  from space 10240K, 0% used [0x00000000f8800000,0x00000000f8800000,0x00000000f9200000)
  to   space 13312K, 0% used [0x00000000f9700000,0x00000000f9700000,0x00000000fa400000)
 ParOldGen       total 349696K, used 349695K [0x00000000e0000000, 0x00000000f5580000, 0x00000000f5580000)
  object space 349696K, 99% used [0x00000000e0000000,0x00000000f557ffc8,0x00000000f5580000)
 Metaspace       used 66224K, committed 67008K, reserved 1114112K
  class space    used 6200K, committed 6528K, reserved 1048576K
}
Event: 2440.278 GC heap after
{Heap after GC invocations=1849 (full 1659):
 PSYoungGen      total 65024K, used 51711K [0x00000000f5580000, 0x00000000fa400000, 0x0000000100000000)
  eden space 51712K, 99% used [0x00000000f5580000,0x00000000f87ffff8,0x00000000f8800000)
  from space 13312K, 0% used [0x00000000f9700000,0x00000000f9700000,0x00000000fa400000)
  to   space 10240K, 0% used [0x00000000f8800000,0x00000000f8800000,0x00000000f9200000)
 ParOldGen       total 349696K, used 349695K [0x00000000e0000000, 0x00000000f5580000, 0x00000000f5580000)
  object space 349696K, 99% used [0x00000000e0000000,0x00000000f557fe80,0x00000000f5580000)
 Metaspace       used 66224K, committed 67008K, reserved 1114112K
  class space    used 6200K, committed 6528K, reserved 1048576K
}
Event: 2440.278 GC heap before
{Heap before GC invocations=1850 (full 1660):
 PSYoungGen      total 65024K, used 51711K [0x00000000f5580000, 0x00000000fa400000, 0x0000000100000000)
  eden space 51712K, 99% used [0x00000000f5580000,0x00000000f87ffff8,0x00000000f8800000)
  from space 13312K, 0% used [0x00000000f9700000,0x00000000f9700000,0x00000000fa400000)
  to   space 10240K, 0% used [0x00000000f8800000,0x00000000f8800000,0x00000000f9200000)
 ParOldGen       total 349696K, used 349695K [0x00000000e0000000, 0x00000000f5580000, 0x00000000f5580000)
  object space 349696K, 99% used [0x00000000e0000000,0x00000000f557fe80,0x00000000f5580000)
 Metaspace       used 66224K, committed 67008K, reserved 1114112K
  class space    used 6200K, committed 6528K, reserved 1048576K
}
Event: 2441.677 GC heap after
{Heap after GC invocations=1850 (full 1660):
 PSYoungGen      total 61952K, used 51711K [0x00000000f5580000, 0x00000000fa400000, 0x0000000100000000)
  eden space 51712K, 99% used [0x00000000f5580000,0x00000000f87ffff8,0x00000000f8800000)
  from space 10240K, 0% used [0x00000000f8800000,0x00000000f8800000,0x00000000f9200000)
  to   space 13312K, 0% used [0x00000000f9700000,0x00000000f9700000,0x00000000fa400000)
 ParOldGen       total 349696K, used 349695K [0x00000000e0000000, 0x00000000f5580000, 0x00000000f5580000)
  object space 349696K, 99% used [0x00000000e0000000,0x00000000f557fe80,0x00000000f5580000)
 Metaspace       used 66224K, committed 67008K, reserved 1114112K
  class space    used 6200K, committed 6528K, reserved 1048576K
}
Event: 2441.680 GC heap before
{Heap before GC invocations=1851 (full 1661):
 PSYoungGen      total 61952K, used 51711K [0x00000000f5580000, 0x00000000fa400000, 0x0000000100000000)
  eden space 51712K, 99% used [0x00000000f5580000,0x00000000f87ffff8,0x00000000f8800000)
  from space 10240K, 0% used [0x00000000f8800000,0x00000000f8800000,0x00000000f9200000)
  to   space 13312K, 0% used [0x00000000f9700000,0x00000000f9700000,0x00000000fa400000)
 ParOldGen       total 349696K, used 349695K [0x00000000e0000000, 0x00000000f5580000, 0x00000000f5580000)
  object space 349696K, 99% used [0x00000000e0000000,0x00000000f557fe80,0x00000000f5580000)
 Metaspace       used 66224K, committed 67008K, reserved 1114112K
  class space    used 6200K, committed 6528K, reserved 1048576K
}
Event: 2443.062 GC heap after
{Heap after GC invocations=1851 (full 1661):
 PSYoungGen      total 65024K, used 51711K [0x00000000f5580000, 0x00000000fa400000, 0x0000000100000000)
  eden space 51712K, 99% used [0x00000000f5580000,0x00000000f87ffff8,0x00000000f8800000)
  from space 13312K, 0% used [0x00000000f9700000,0x00000000f9700000,0x00000000fa400000)
  to   space 10240K, 0% used [0x00000000f8800000,0x00000000f8800000,0x00000000f9200000)
 ParOldGen       total 349696K, used 349695K [0x00000000e0000000, 0x00000000f5580000, 0x00000000f5580000)
  object space 349696K, 99% used [0x00000000e0000000,0x00000000f557fe80,0x00000000f5580000)
 Metaspace       used 66224K, committed 67008K, reserved 1114112K
  class space    used 6200K, committed 6528K, reserved 1048576K
}
Event: 2443.062 GC heap before
{Heap before GC invocations=1852 (full 1662):
 PSYoungGen      total 65024K, used 51711K [0x00000000f5580000, 0x00000000fa400000, 0x0000000100000000)
  eden space 51712K, 99% used [0x00000000f5580000,0x00000000f87ffff8,0x00000000f8800000)
  from space 13312K, 0% used [0x00000000f9700000,0x00000000f9700000,0x00000000fa400000)
  to   space 10240K, 0% used [0x00000000f8800000,0x00000000f8800000,0x00000000f9200000)
 ParOldGen       total 349696K, used 349695K [0x00000000e0000000, 0x00000000f5580000, 0x00000000f5580000)
  object space 349696K, 99% used [0x00000000e0000000,0x00000000f557fe80,0x00000000f5580000)
 Metaspace       used 66224K, committed 67008K, reserved 1114112K
  class space    used 6200K, committed 6528K, reserved 1048576K
}
Event: 2444.527 GC heap after
{Heap after GC invocations=1852 (full 1662):
 PSYoungGen      total 61952K, used 51711K [0x00000000f5580000, 0x00000000fa400000, 0x0000000100000000)
  eden space 51712K, 99% used [0x00000000f5580000,0x00000000f87ffff8,0x00000000f8800000)
  from space 10240K, 0% used [0x00000000f8800000,0x00000000f8800000,0x00000000f9200000)
  to   space 13312K, 0% used [0x00000000f9700000,0x00000000f9700000,0x00000000fa400000)
 ParOldGen       total 349696K, used 349695K [0x00000000e0000000, 0x00000000f5580000, 0x00000000f5580000)
  object space 349696K, 99% used [0x00000000e0000000,0x00000000f557fe80,0x00000000f5580000)
 Metaspace       used 66224K, committed 67008K, reserved 1114112K
  class space    used 6200K, committed 6528K, reserved 1048576K
}

