# JRE version: OpenJDK Runtime Environment GraalVM CE 22.3.0 (17.0.5+8) (build 17.0.5+8-jvmci-22.3-b08)
# Java VM: OpenJDK 64-Bit Server VM GraalVM CE 22.3.0 (17.0.5+8-jvmci-22.3-b08, mixed mode, sharing, tiered, jvmci, jvmci compiler, compressed oops, compressed class ptrs, parallel gc, linux-amd64)
GC Precious Log:
 CPUs: 8 total, 1 available
 Memory: 1024M
 Large Page Support: Disabled
 NUMA Support: Disabled
 Compressed Oops: Enabled (32-bit)
 Alignments: Space 512K, Generation 512K, Heap 2M
 Heap Min Capacity: 100M
 Heap Initial Capacity: 100M
 Heap Max Capacity: 512M
 Pre-touch: Disabled
 Parallel Workers: 1
Heap:
 PSYoungGen      total 58368K, used 34304K [0x00000000f5580000, 0x00000000fa800000, 0x0000000100000000)
  eden space 34304K, 100% used [0x00000000f5580000,0x00000000f7700000,0x00000000f7700000)
  from space 24064K, 0% used [0x00000000f8e80000,0x00000000f8e80000,0x00000000fa600000)
  to   space 24064K, 0% used [0x00000000f7700000,0x00000000f7700000,0x00000000f8e80000)
 ParOldGen       total 349696K, used 349694K [0x00000000e0000000, 0x00000000f5580000, 0x00000000f5580000)
  object space 349696K, 99% used [0x00000000e0000000,0x00000000f557f890,0x00000000f5580000)
 Metaspace       used 49986K, committed 50752K, reserved 1097728K
  class space    used 4835K, committed 5184K, reserved 1048576K
GC Heap History (20 events):
Event: 1257.304 GC heap before
{Heap before GC invocations=683 (full 617):
 PSYoungGen      total 58368K, used 34303K [0x00000000f5580000, 0x00000000fa800000, 0x0000000100000000)
  eden space 34304K, 99% used [0x00000000f5580000,0x00000000f76ffff8,0x00000000f7700000)
  from space 24064K, 0% used [0x00000000f8e80000,0x00000000f8e80000,0x00000000fa600000)
  to   space 24064K, 0% used [0x00000000f7700000,0x00000000f7700000,0x00000000f8e80000)
 ParOldGen       total 349696K, used 349684K [0x00000000e0000000, 0x00000000f5580000, 0x00000000f5580000)
  object space 349696K, 99% used [0x00000000e0000000,0x00000000f557d068,0x00000000f5580000)
 Metaspace       used 49986K, committed 50752K, reserved 1097728K
  class space    used 4835K, committed 5184K, reserved 1048576K
}
Event: 1259.503 GC heap after
{Heap after GC invocations=683 (full 617):
 PSYoungGen      total 58368K, used 34303K [0x00000000f5580000, 0x00000000fa800000, 0x0000000100000000)
  eden space 34304K, 99% used [0x00000000f5580000,0x00000000f76ffff8,0x00000000f7700000)
  from space 24064K, 0% used [0x00000000f7700000,0x00000000f7700000,0x00000000f8e80000)
  to   space 24064K, 0% used [0x00000000f8e80000,0x00000000f8e80000,0x00000000fa600000)
 ParOldGen       total 349696K, used 349684K [0x00000000e0000000, 0x00000000f5580000, 0x00000000f5580000)
  object space 349696K, 99% used [0x00000000e0000000,0x00000000f557d068,0x00000000f5580000)
 Metaspace       used 49986K, committed 50752K, reserved 1097728K
  class space    used 4835K, committed 5184K, reserved 1048576K
}
Event: 1259.503 GC heap before
{Heap before GC invocations=684 (full 618):
 PSYoungGen      total 58368K, used 34303K [0x00000000f5580000, 0x00000000fa800000, 0x0000000100000000)
  eden space 34304K, 99% used [0x00000000f5580000,0x00000000f76ffff8,0x00000000f7700000)
  from space 24064K, 0% used [0x00000000f7700000,0x00000000f7700000,0x00000000f8e80000)
  to   space 24064K, 0% used [0x00000000f8e80000,0x00000000f8e80000,0x00000000fa600000)
 ParOldGen       total 349696K, used 349686K [0x00000000e0000000, 0x00000000f5580000, 0x00000000f5580000)
  object space 349696K, 99% used [0x00000000e0000000,0x00000000f557da10,0x00000000f5580000)
 Metaspace       used 49986K, committed 50752K, reserved 1097728K
  class space    used 4835K, committed 5184K, reserved 1048576K
}
Event: 1262.003 GC heap after
{Heap after GC invocations=684 (full 618):
 PSYoungGen      total 58368K, used 34303K [0x00000000f5580000, 0x00000000fa800000, 0x0000000100000000)
  eden space 34304K, 99% used [0x00000000f5580000,0x00000000f76fffe0,0x00000000f7700000)
  from space 24064K, 0% used [0x00000000f8e80000,0x00000000f8e80000,0x00000000fa600000)
  to   space 24064K, 0% used [0x00000000f7700000,0x00000000f7700000,0x00000000f8e80000)
 ParOldGen       total 349696K, used 349685K [0x00000000e0000000, 0x00000000f5580000, 0x00000000f5580000)
  object space 349696K, 99% used [0x00000000e0000000,0x00000000f557d688,0x00000000f5580000)
 Metaspace       used 49986K, committed 50752K, reserved 1097728K
  class space    used 4835K, committed 5184K, reserved 1048576K
}
Event: 1262.003 GC heap before
{Heap before GC invocations=685 (full 619):
 PSYoungGen      total 58368K, used 34304K [0x00000000f5580000, 0x00000000fa800000, 0x0000000100000000)
  eden space 34304K, 100% used [0x00000000f5580000,0x00000000f7700000,0x00000000f7700000)
  from space 24064K, 0% used [0x00000000f8e80000,0x00000000f8e80000,0x00000000fa600000)
  to   space 24064K, 0% used [0x00000000f7700000,0x00000000f7700000,0x00000000f8e80000)
 ParOldGen       total 349696K, used 349687K [0x00000000e0000000, 0x00000000f5580000, 0x00000000f5580000)
  object space 349696K, 99% used [0x00000000e0000000,0x00000000f557dfa0,0x00000000f5580000)
 Metaspace       used 49986K, committed 50752K, reserved 1097728K
  class space    used 4835K, committed 5184K, reserved 1048576K
}
Event: 1264.591 GC heap after
{Heap after GC invocations=685 (full 619):
 PSYoungGen      total 58368K, used 34304K [0x00000000f5580000, 0x00000000fa800000, 0x0000000100000000)
  eden space 34304K, 100% used [0x00000000f5580000,0x00000000f7700000,0x00000000f7700000)
  from space 24064K, 0% used [0x00000000f7700000,0x00000000f7700000,0x00000000f8e80000)
  to   space 24064K, 0% used [0x00000000f8e80000,0x00000000f8e80000,0x00000000fa600000)
 ParOldGen       total 349696K, used 349687K [0x00000000e0000000, 0x00000000f5580000, 0x00000000f5580000)
  object space 349696K, 99% used [0x00000000e0000000,0x00000000f557dd48,0x00000000f5580000)
 Metaspace       used 49986K, committed 50752K, reserved 1097728K
  class space    used 4835K, committed 5184K, reserved 1048576K
}
Event: 1264.591 GC heap before
{Heap before GC invocations=686 (full 620):
 PSYoungGen      total 58368K, used 34304K [0x00000000f5580000, 0x00000000fa800000, 0x0000000100000000)
  eden space 34304K, 100% used [0x00000000f5580000,0x00000000f7700000,0x00000000f7700000)
  from space 24064K, 0% used [0x00000000f7700000,0x00000000f7700000,0x00000000f8e80000)
  to   space 24064K, 0% used [0x00000000f8e80000,0x00000000f8e80000,0x00000000fa600000)
 ParOldGen       total 349696K, used 349689K [0x00000000e0000000, 0x00000000f5580000, 0x00000000f5580000)
  object space 349696K, 99% used [0x00000000e0000000,0x00000000f557e560,0x00000000f5580000)
 Metaspace       used 49986K, committed 50752K, reserved 1097728K
  class space    used 4835K, committed 5184K, reserved 1048576K
}
Event: 1266.899 GC heap after
{Heap after GC invocations=686 (full 620):
 PSYoungGen      total 58368K, used 34303K [0x00000000f5580000, 0x00000000fa800000, 0x0000000100000000)
  eden space 34304K, 99% used [0x00000000f5580000,0x00000000f76fffd0,0x00000000f7700000)
  from space 24064K, 0% used [0x00000000f8e80000,0x00000000f8e80000,0x00000000fa600000)
  to   space 24064K, 0% used [0x00000000f7700000,0x00000000f7700000,0x00000000f8e80000)
 ParOldGen       total 349696K, used 349688K [0x00000000e0000000, 0x00000000f5580000, 0x00000000f5580000)
  object space 349696K, 99% used [0x00000000e0000000,0x00000000f557e3c8,0x00000000f5580000)
 Metaspace       used 49986K, committed 50752K, reserved 1097728K
  class space    used 4835K, committed 5184K, reserved 1048576K
}
Event: 1266.899 GC heap before
{Heap before GC invocations=687 (full 621):
 PSYoungGen      total 58368K, used 34303K [0x00000000f5580000, 0x00000000fa800000, 0x0000000100000000)
  eden space 34304K, 99% used [0x00000000f5580000,0x00000000f76fffe8,0x00000000f7700000)
  from space 24064K, 0% used [0x00000000f8e80000,0x00000000f8e80000,0x00000000fa600000)
  to   space 24064K, 0% used [0x00000000f7700000,0x00000000f7700000,0x00000000f8e80000)
 ParOldGen       total 349696K, used 349688K [0x00000000e0000000, 0x00000000f5580000, 0x00000000f5580000)
  object space 349696K, 99% used [0x00000000e0000000,0x00000000f557e3c8,0x00000000f5580000)
 Metaspace       used 49986K, committed 50752K, reserved 1097728K
  class space    used 4835K, committed 5184K, reserved 1048576K
}
Event: 1269.276 GC heap after
{Heap after GC invocations=687 (full 621):
 PSYoungGen      total 58368K, used 34303K [0x00000000f5580000, 0x00000000fa800000, 0x0000000100000000)
  eden space 34304K, 99% used [0x00000000f5580000,0x00000000f76fffe8,0x00000000f7700000)
  from space 24064K, 0% used [0x00000000f7700000,0x00000000f7700000,0x00000000f8e80000)
  to   space 24064K, 0% used [0x00000000f8e80000,0x00000000f8e80000,0x00000000fa600000)
 ParOldGen       total 349696K, used 349688K [0x00000000e0000000, 0x00000000f5580000, 0x00000000f5580000)
  object space 349696K, 99% used [0x00000000e0000000,0x00000000f557e3a8,0x00000000f5580000)
 Metaspace       used 49986K, committed 50752K, reserved 1097728K
  class space    used 4835K, committed 5184K, reserved 1048576K
}
Event: 1269.278 GC heap before
{Heap before GC invocations=688 (full 622):
 PSYoungGen      total 58368K, used 34304K [0x00000000f5580000, 0x00000000fa800000, 0x0000000100000000)
  eden space 34304K, 100% used [0x00000000f5580000,0x00000000f7700000,0x00000000f7700000)
  from space 24064K, 0% used [0x00000000f7700000,0x00000000f7700000,0x00000000f8e80000)
  to   space 24064K, 0% used [0x00000000f8e80000,0x00000000f8e80000,0x00000000fa600000)
 ParOldGen       total 349696K, used 349691K [0x00000000e0000000, 0x00000000f5580000, 0x00000000f5580000)
  object space 349696K, 99% used [0x00000000e0000000,0x00000000f557ecb8,0x00000000f5580000)
 Metaspace       used 49986K, committed 50752K, reserved 1097728K
  class space    used 4835K, committed 5184K, reserved 1048576K
}
Event: 1271.768 GC heap after
{Heap after GC invocations=688 (full 622):
 PSYoungGen      total 58368K, used 34304K [0x00000000f5580000, 0x00000000fa800000, 0x0000000100000000)
  eden space 34304K, 100% used [0x00000000f5580000,0x00000000f7700000,0x00000000f7700000)
  from space 24064K, 0% used [0x00000000f8e80000,0x00000000f8e80000,0x00000000fa600000)
  to   space 24064K, 0% used [0x00000000f7700000,0x00000000f7700000,0x00000000f8e80000)
 ParOldGen       total 349696K, used 349690K [0x00000000e0000000, 0x00000000f5580000, 0x00000000f5580000)
  object space 349696K, 99% used [0x00000000e0000000,0x00000000f557eb38,0x00000000f5580000)
 Metaspace       used 49986K, committed 50752K, reserved 1097728K
  class space    used 4835K, committed 5184K, reserved 1048576K
}
Event: 1271.770 GC heap before
{Heap before GC invocations=689 (full 623):
 PSYoungGen      total 58368K, used 34304K [0x00000000f5580000, 0x00000000fa800000, 0x0000000100000000)
  eden space 34304K, 100% used [0x00000000f5580000,0x00000000f7700000,0x00000000f7700000)
  from space 24064K, 0% used [0x00000000f8e80000,0x00000000f8e80000,0x00000000fa600000)
  to   space 24064K, 0% used [0x00000000f7700000,0x00000000f7700000,0x00000000f8e80000)
 ParOldGen       total 349696K, used 349693K [0x00000000e0000000, 0x00000000f5580000, 0x00000000f5580000)
  object space 349696K, 99% used [0x00000000e0000000,0x00000000f557f540,0x00000000f5580000)
 Metaspace       used 49986K, committed 50752K, reserved 1097728K
  class space    used 4835K, committed 5184K, reserved 1048576K
}
Event: 1274.267 GC heap after
{Heap after GC invocations=689 (full 623):
 PSYoungGen      total 58368K, used 34304K [0x00000000f5580000, 0x00000000fa800000, 0x0000000100000000)
  eden space 34304K, 100% used [0x00000000f5580000,0x00000000f7700000,0x00000000f7700000)
  from space 24064K, 0% used [0x00000000f7700000,0x00000000f7700000,0x00000000f8e80000)
  to   space 24064K, 0% used [0x00000000f8e80000,0x00000000f8e80000,0x00000000fa600000)
 ParOldGen       total 349696K, used 349692K [0x00000000e0000000, 0x00000000f5580000, 0x00000000f5580000)
  object space 349696K, 99% used [0x00000000e0000000,0x00000000f557f0e0,0x00000000f5580000)
 Metaspace       used 49986K, committed 50752K, reserved 1097728K
  class space    used 4835K, committed 5184K, reserved 1048576K
}
Event: 1274.269 GC heap before
{Heap before GC invocations=690 (full 624):
 PSYoungGen      total 58368K, used 34304K [0x00000000f5580000, 0x00000000fa800000, 0x0000000100000000)
  eden space 34304K, 100% used [0x00000000f5580000,0x00000000f7700000,0x00000000f7700000)
  from space 24064K, 0% used [0x00000000f7700000,0x00000000f7700000,0x00000000f8e80000)
  to   space 24064K, 0% used [0x00000000f8e80000,0x00000000f8e80000,0x00000000fa600000)
 ParOldGen       total 349696K, used 349694K [0x00000000e0000000, 0x00000000f5580000, 0x00000000f5580000)
  object space 349696K, 99% used [0x00000000e0000000,0x00000000f557fa10,0x00000000f5580000)
 Metaspace       used 49986K, committed 50752K, reserved 1097728K
  class space    used 4835K, committed 5184K, reserved 1048576K
}
Event: 1276.619 GC heap after
{Heap after GC invocations=690 (full 624):
 PSYoungGen      total 58368K, used 34304K [0x00000000f5580000, 0x00000000fa800000, 0x0000000100000000)
  eden space 34304K, 100% used [0x00000000f5580000,0x00000000f7700000,0x00000000f7700000)
  from space 24064K, 0% used [0x00000000f8e80000,0x00000000f8e80000,0x00000000fa600000)
  to   space 24064K, 0% used [0x00000000f7700000,0x00000000f7700000,0x00000000f8e80000)
 ParOldGen       total 349696K, used 349693K [0x00000000e0000000, 0x00000000f5580000, 0x00000000f5580000)
  object space 349696K, 99% used [0x00000000e0000000,0x00000000f557f770,0x00000000f5580000)
 Metaspace       used 49986K, committed 50752K, reserved 1097728K
  class space    used 4835K, committed 5184K, reserved 1048576K
}
Event: 1276.619 GC heap before
{Heap before GC invocations=691 (full 625):
 PSYoungGen      total 58368K, used 34304K [0x00000000f5580000, 0x00000000fa800000, 0x0000000100000000)
  eden space 34304K, 100% used [0x00000000f5580000,0x00000000f7700000,0x00000000f7700000)
  from space 24064K, 0% used [0x00000000f8e80000,0x00000000f8e80000,0x00000000fa600000)
  to   space 24064K, 0% used [0x00000000f7700000,0x00000000f7700000,0x00000000f8e80000)
 ParOldGen       total 349696K, used 349694K [0x00000000e0000000, 0x00000000f5580000, 0x00000000f5580000)
  object space 349696K, 99% used [0x00000000e0000000,0x00000000f557fba8,0x00000000f5580000)
 Metaspace       used 49986K, committed 50752K, reserved 1097728K
  class space    used 4835K, committed 5184K, reserved 1048576K
}
Event: 1280.098 GC heap after
{Heap after GC invocations=691 (full 625):
 PSYoungGen      total 58368K, used 34304K [0x00000000f5580000, 0x00000000fa800000, 0x0000000100000000)
  eden space 34304K, 100% used [0x00000000f5580000,0x00000000f7700000,0x00000000f7700000)
  from space 24064K, 0% used [0x00000000f7700000,0x00000000f7700000,0x00000000f8e80000)
  to   space 24064K, 0% used [0x00000000f8e80000,0x00000000f8e80000,0x00000000fa600000)
 ParOldGen       total 349696K, used 349694K [0x00000000e0000000, 0x00000000f5580000, 0x00000000f5580000)
  object space 349696K, 99% used [0x00000000e0000000,0x00000000f557f848,0x00000000f5580000)
 Metaspace       used 49986K, committed 50752K, reserved 1097728K
  class space    used 4835K, committed 5184K, reserved 1048576K
}
Event: 1280.098 GC heap before
{Heap before GC invocations=692 (full 626):
 PSYoungGen      total 58368K, used 34304K [0x00000000f5580000, 0x00000000fa800000, 0x0000000100000000)
  eden space 34304K, 100% used [0x00000000f5580000,0x00000000f7700000,0x00000000f7700000)
  from space 24064K, 0% used [0x00000000f7700000,0x00000000f7700000,0x00000000f8e80000)
  to   space 24064K, 0% used [0x00000000f8e80000,0x00000000f8e80000,0x00000000fa600000)
 ParOldGen       total 349696K, used 349694K [0x00000000e0000000, 0x00000000f5580000, 0x00000000f5580000)
  object space 349696K, 99% used [0x00000000e0000000,0x00000000f557f848,0x00000000f5580000)
 Metaspace       used 49986K, committed 50752K, reserved 1097728K
  class space    used 4835K, committed 5184K, reserved 1048576K
}
Event: 1287.081 GC heap after
{Heap after GC invocations=692 (full 626):
 PSYoungGen      total 58368K, used 34304K [0x00000000f5580000, 0x00000000fa800000, 0x0000000100000000)
  eden space 34304K, 100% used [0x00000000f5580000,0x00000000f7700000,0x00000000f7700000)
  from space 24064K, 0% used [0x00000000f8e80000,0x00000000f8e80000,0x00000000fa600000)
  to   space 24064K, 0% used [0x00000000f7700000,0x00000000f7700000,0x00000000f8e80000)
 ParOldGen       total 349696K, used 349694K [0x00000000e0000000, 0x00000000f5580000, 0x00000000f5580000)
  object space 349696K, 99% used [0x00000000e0000000,0x00000000f557f848,0x00000000f5580000)
 Metaspace       used 49986K, committed 50752K, reserved 1097728K
  class space    used 4835K, committed 5184K, reserved 1048576K
}

